<?xml version="1.0" encoding="UTF-8"?>
<!-- Generated by org.testng.reporters.JUnitReportReporter -->
<testsuite skipped="0" hostname="VasanthiKamarajs-MacBook-Air.local" name="com.api.testrunner.TestRunner" tests="1" failures="0" timestamp="2019-08-11T09:27:37 IST" time="4.264" errors="0">
  <testcase name="feature" time="4.264" classname="com.api.testrunner.TestRunner"/>
</testsuite> <!-- com.api.testrunner.TestRunner -->
